This is pdfTeX, Version 3.14159265-2.6-1.40.19 (TeX Live 2018/Arch Linux) (preloaded format=pdflatex 2019.2.26)  26 FEB 2019 22:28
entering extended mode
 restricted \write18 enabled.
 %&-line parsing enabled.
**Report.tex
(./Report.tex
LaTeX2e <2018-12-01>
(/usr/share/texmf-dist/tex/latex/base/article.cls
Document Class: article 2018/09/03 v1.4i Standard LaTeX document class
(/usr/share/texmf-dist/tex/latex/base/size10.clo
File: size10.clo 2018/09/03 v1.4i Standard LaTeX file (size option)
)
\c@part=\count80
\c@section=\count81
\c@subsection=\count82
\c@subsubsection=\count83
\c@paragraph=\count84
\c@subparagraph=\count85
\c@figure=\count86
\c@table=\count87
\abovecaptionskip=\skip41
\belowcaptionskip=\skip42
\bibindent=\dimen102
)
(/usr/share/texmf-dist/tex/latex/ucs/ucs.sty
Package: ucs 2013/05/11 v2.2 UCS: Unicode input support

(/usr/share/texmf-dist/tex/latex/ucs/data/uni-global.def
File: uni-global.def 2013/05/13 UCS: Unicode global data
)
\uc@secondtry=\count88
\uc@combtoks=\toks14
\uc@combtoksb=\toks15
\uc@temptokena=\toks16
)
(/usr/share/texmf-dist/tex/latex/base/inputenc.sty
Package: inputenc 2018/08/11 v1.3c Input encoding file
\inpenc@prehook=\toks17
\inpenc@posthook=\toks18
)
(/usr/share/texmf-dist/tex/latex/float/float.sty
Package: float 2001/11/08 v1.3d Float enhancements (AL)
\c@float@type=\count89
\float@exts=\toks19
\float@box=\box27
\@float@everytoks=\toks20
\@floatcapt=\box28
)
(/usr/share/texmf-dist/tex/generic/babel/babel.sty
Package: babel 2018/11/13 3.27 The Babel package

(/usr/share/texmf-dist/tex/generic/babel/switch.def
File: switch.def 2018/11/13 3.27 Babel switching mechanism
)
Package babel Info: You haven't specified a language. I'll use 'nil'
(babel)             as the main language. Reported on input line 499.

(/usr/share/texmf-dist/tex/generic/babel/nil.ldf
Language: nil 2018/11/13 3.27 Nil language

(/usr/share/texmf-dist/tex/generic/babel/babel.def
File: babel.def 2018/11/13 3.27 Babel common definitions
\babel@savecnt=\count90
\U@D=\dimen103

(/usr/share/texmf-dist/tex/generic/babel/txtbabel.def)
\bbl@dirlevel=\count91
)))
(/usr/share/texmf-dist/tex/latex/base/fontenc.sty
Package: fontenc 2018/08/11 v2.0j Standard LaTeX package
)
(/usr/share/texmf-dist/tex/latex/graphics/graphicx.sty
Package: graphicx 2017/06/01 v1.1a Enhanced LaTeX Graphics (DPC,SPQR)

(/usr/share/texmf-dist/tex/latex/graphics/keyval.sty
Package: keyval 2014/10/28 v1.15 key=value parser (DPC)
\KV@toks@=\toks21
)
(/usr/share/texmf-dist/tex/latex/graphics/graphics.sty
Package: graphics 2017/06/25 v1.2c Standard LaTeX Graphics (DPC,SPQR)

(/usr/share/texmf-dist/tex/latex/graphics/trig.sty
Package: trig 2016/01/03 v1.10 sin cos tan (DPC)
)
(/usr/share/texmf-dist/tex/latex/graphics-cfg/graphics.cfg
File: graphics.cfg 2016/06/04 v1.11 sample graphics configuration
)
Package graphics Info: Driver file: pdftex.def on input line 99.

(/usr/share/texmf-dist/tex/latex/graphics-def/pdftex.def
File: pdftex.def 2018/01/08 v1.0l Graphics/color driver for pdftex
))
\Gin@req@height=\dimen104
\Gin@req@width=\dimen105
)
(/usr/share/texmf-dist/tex/latex/hyperref/hyperref.sty
Package: hyperref 2018/11/30 v6.88e Hypertext links for LaTeX

(/usr/share/texmf-dist/tex/generic/oberdiek/hobsub-hyperref.sty
Package: hobsub-hyperref 2016/05/16 v1.14 Bundle oberdiek, subset hyperref (HO)


(/usr/share/texmf-dist/tex/generic/oberdiek/hobsub-generic.sty
Package: hobsub-generic 2016/05/16 v1.14 Bundle oberdiek, subset generic (HO)
Package: hobsub 2016/05/16 v1.14 Construct package bundles (HO)
Package: infwarerr 2016/05/16 v1.4 Providing info/warning/error messages (HO)
Package: ltxcmds 2016/05/16 v1.23 LaTeX kernel commands for general use (HO)
Package: ifluatex 2016/05/16 v1.4 Provides the ifluatex switch (HO)
Package ifluatex Info: LuaTeX not detected.
Package: ifvtex 2016/05/16 v1.6 Detect VTeX and its facilities (HO)
Package ifvtex Info: VTeX not detected.
Package: intcalc 2016/05/16 v1.2 Expandable calculations with integers (HO)
Package: ifpdf 2018/09/07 v3.3 Provides the ifpdf switch
Package: etexcmds 2016/05/16 v1.6 Avoid name clashes with e-TeX commands (HO)
Package etexcmds Info: Could not find \expanded.
(etexcmds)             That can mean that you are not using pdfTeX 1.50 or
(etexcmds)             that some package has redefined \expanded.
(etexcmds)             In the latter case, load this package earlier.
Package: kvsetkeys 2016/05/16 v1.17 Key value parser (HO)
Package: kvdefinekeys 2016/05/16 v1.4 Define keys (HO)
Package: pdftexcmds 2018/09/10 v0.29 Utility functions of pdfTeX for LuaTeX (HO
)
Package pdftexcmds Info: LuaTeX not detected.
Package pdftexcmds Info: \pdf@primitive is available.
Package pdftexcmds Info: \pdf@ifprimitive is available.
Package pdftexcmds Info: \pdfdraftmode found.
Package: pdfescape 2016/05/16 v1.14 Implements pdfTeX's escape features (HO)
Package: bigintcalc 2016/05/16 v1.4 Expandable calculations on big integers (HO
)
Package: bitset 2016/05/16 v1.2 Handle bit-vector datatype (HO)
Package: uniquecounter 2016/05/16 v1.3 Provide unlimited unique counter (HO)
)
Package hobsub Info: Skipping package `hobsub' (already loaded).
Package: letltxmacro 2016/05/16 v1.5 Let assignment for LaTeX macros (HO)
Package: hopatch 2016/05/16 v1.3 Wrapper for package hooks (HO)
Package: xcolor-patch 2016/05/16 xcolor patch
Package: atveryend 2016/05/16 v1.9 Hooks at the very end of document (HO)
Package atveryend Info: \enddocument detected (standard20110627).
Package: atbegshi 2016/06/09 v1.18 At begin shipout hook (HO)
Package: refcount 2016/05/16 v3.5 Data extraction from label references (HO)
Package: hycolor 2016/05/16 v1.8 Color options for hyperref/bookmark (HO)
)
(/usr/share/texmf-dist/tex/generic/ifxetex/ifxetex.sty
Package: ifxetex 2010/09/12 v0.6 Provides ifxetex conditional
)
(/usr/share/texmf-dist/tex/latex/oberdiek/auxhook.sty
Package: auxhook 2016/05/16 v1.4 Hooks for auxiliary files (HO)
)
(/usr/share/texmf-dist/tex/latex/oberdiek/kvoptions.sty
Package: kvoptions 2016/05/16 v3.12 Key value format for package options (HO)
)
\@linkdim=\dimen106
\Hy@linkcounter=\count92
\Hy@pagecounter=\count93

(/usr/share/texmf-dist/tex/latex/hyperref/pd1enc.def
File: pd1enc.def 2018/11/30 v6.88e Hyperref: PDFDocEncoding definition (HO)
Now handling font encoding PD1 ...
... no UTF-8 mapping file for font encoding PD1
)
\Hy@SavedSpaceFactor=\count94

(/usr/share/texmf-dist/tex/latex/latexconfig/hyperref.cfg
File: hyperref.cfg 2002/06/06 v1.2 hyperref configuration of TeXLive
)

! Package hyperref Error: Wrong DVI mode driver option `dvips',
(hyperref)                because pdfTeX or LuaTeX is running in PDF mode.

See the hyperref package documentation for explanation.
Type  H <return>  for immediate help.
 ...                                              
                                                  
l.4393 \ProcessKeyvalOptions{Hyp}
                                 
Try typing  <return>  to proceed.
If that doesn't work, type  X <return>  to quit.

Package hyperref Info: Hyper figures OFF on input line 4519.
Package hyperref Info: Link nesting OFF on input line 4524.
Package hyperref Info: Hyper index ON on input line 4527.
Package hyperref Info: Plain pages OFF on input line 4534.
Package hyperref Info: Backreferencing OFF on input line 4539.
Package hyperref Info: Implicit mode ON; LaTeX internals redefined.
Package hyperref Info: Bookmarks ON on input line 4772.
\c@Hy@tempcnt=\count95
(/usr/share/texmf-dist/tex/latex/url/url.sty
\Urlmuskip=\muskip10
Package: url 2013/09/16  ver 3.4  Verb mode for urls, etc.
)
LaTeX Info: Redefining \url on input line 5125.
\XeTeXLinkMargin=\dimen107
\Fld@menulength=\count96
\Field@Width=\dimen108
\Fld@charsize=\dimen109
Package hyperref Info: Hyper figures OFF on input line 6380.
Package hyperref Info: Link nesting OFF on input line 6385.
Package hyperref Info: Hyper index ON on input line 6388.
Package hyperref Info: backreferencing OFF on input line 6395.
Package hyperref Info: Link coloring OFF on input line 6400.
Package hyperref Info: Link coloring with OCG OFF on input line 6405.
Package hyperref Info: PDF/A mode OFF on input line 6410.
LaTeX Info: Redefining \ref on input line 6450.
LaTeX Info: Redefining \pageref on input line 6454.
\Hy@abspage=\count97
\c@Item=\count98
\c@Hfootnote=\count99
)
Package hyperref Info: Driver (autodetected): hpdftex.

(/usr/share/texmf-dist/tex/latex/hyperref/hpdftex.def
File: hpdftex.def 2018/11/30 v6.88e Hyperref driver for pdfTeX
\Fld@listcount=\count100
\c@bookmark@seq@number=\count101

(/usr/share/texmf-dist/tex/latex/oberdiek/rerunfilecheck.sty
Package: rerunfilecheck 2016/05/16 v1.8 Rerun checks for auxiliary files (HO)
Package uniquecounter Info: New unique counter `rerunfilecheck' on input line 2
82.
)
\Hy@SectionHShift=\skip43
) (./Report.aux)
\openout1 = `Report.aux'.

LaTeX Font Info:    Checking defaults for OML/cmm/m/it on input line 21.
LaTeX Font Info:    ... okay on input line 21.
LaTeX Font Info:    Checking defaults for T1/cmr/m/n on input line 21.
LaTeX Font Info:    ... okay on input line 21.
LaTeX Font Info:    Checking defaults for OT1/cmr/m/n on input line 21.
LaTeX Font Info:    ... okay on input line 21.
LaTeX Font Info:    Checking defaults for OMS/cmsy/m/n on input line 21.
LaTeX Font Info:    ... okay on input line 21.
LaTeX Font Info:    Checking defaults for OMX/cmex/m/n on input line 21.
LaTeX Font Info:    ... okay on input line 21.
LaTeX Font Info:    Checking defaults for U/cmr/m/n on input line 21.
LaTeX Font Info:    ... okay on input line 21.
LaTeX Font Info:    Checking defaults for PD1/pdf/m/n on input line 21.
LaTeX Font Info:    ... okay on input line 21.

(/usr/share/texmf-dist/tex/latex/ucs/ucsencs.def
File: ucsencs.def 2011/01/21 Fixes to fontencodings LGR, T3
)
(/usr/share/texmf-dist/tex/context/base/mkii/supp-pdf.mkii
[Loading MPS to PDF converter (version 2006.09.02).]
\scratchcounter=\count102
\scratchdimen=\dimen110
\scratchbox=\box29
\nofMPsegments=\count103
\nofMParguments=\count104
\everyMPshowfont=\toks22
\MPscratchCnt=\count105
\MPscratchDim=\dimen111
\MPnumerator=\count106
\makeMPintoPDFobject=\count107
\everyMPtoPDFconversion=\toks23
) (/usr/share/texmf-dist/tex/latex/oberdiek/epstopdf-base.sty
Package: epstopdf-base 2016/05/15 v2.6 Base part for package epstopdf

(/usr/share/texmf-dist/tex/latex/oberdiek/grfext.sty
Package: grfext 2016/05/16 v1.2 Manage graphics extensions (HO)
)
Package epstopdf-base Info: Redefining graphics rule for `.eps' on input line 4
38.
Package grfext Info: Graphics extension search list:
(grfext)             [.pdf,.png,.jpg,.mps,.jpeg,.jbig2,.jb2,.PDF,.PNG,.JPG,.JPE
G,.JBIG2,.JB2,.eps]
(grfext)             \AppendGraphicsExtensions on input line 456.

(/usr/share/texmf-dist/tex/latex/latexconfig/epstopdf-sys.cfg
File: epstopdf-sys.cfg 2010/07/13 v1.3 Configuration of (r)epstopdf for TeX Liv
e
))
\AtBeginShipoutBox=\box30
Package hyperref Info: Link coloring OFF on input line 21.

(/usr/share/texmf-dist/tex/latex/hyperref/nameref.sty
Package: nameref 2016/05/21 v2.44 Cross-referencing by name of section

(/usr/share/texmf-dist/tex/generic/oberdiek/gettitlestring.sty
Package: gettitlestring 2016/05/16 v1.5 Cleanup title references (HO)
)
\c@section@level=\count108
)
LaTeX Info: Redefining \ref on input line 21.
LaTeX Info: Redefining \pageref on input line 21.
LaTeX Info: Redefining \nameref on input line 21.
 (./Report.out) (./Report.out)
\@outlinefile=\write3
\openout3 = `Report.out'.

LaTeX Font Info:    External font `cmex10' loaded for size
(Font)              <12> on input line 24.
LaTeX Font Info:    External font `cmex10' loaded for size
(Font)              <8> on input line 24.
LaTeX Font Info:    External font `cmex10' loaded for size
(Font)              <6> on input line 24.
<Screenshot_20190226_181608.png, id=64, 1417.54594pt x 683.55376pt>
File: Screenshot_20190226_181608.png Graphic file (type png)
<use Screenshot_20190226_181608.png>
Package pdftex.def Info: Screenshot_20190226_181608.png  used on input line 31.

(pdftex.def)             Requested size: 345.0pt x 166.36131pt.


! LaTeX Error: There's no line here to end.

See the LaTeX manual or LaTeX Companion for explanation.
Type  H <return>  for immediate help.
 ...                                              
                                                  
l.34 Our Sea\\ \\
                  Change the pollution and your idea}
Your command was ignored.
Type  I <command> <return>  to replace it with another command,
or  <return>  to continue without it.

[1

{/var/lib/texmf/fonts/map/pdftex/updmap/pdftex.map} <./Screenshot_20190226_1816
08.png (PNG copy)>]
! Too many }'s.
l.35 \newpage}}
               
You've closed more groups than you opened.
Such booboos are generally harmless, so keep going.

LaTeX Font Info:    Try loading font information for OMS+cmss on input line 50.

LaTeX Font Info:    No file OMScmss.fd. on input line 50.

LaTeX Font Warning: Font shape `OMS/cmss/m/n' undefined
(Font)              using `OMS/cmsy/m/n' instead
(Font)              for symbol `textbullet' on input line 50.

<Screenshot_20190226_185740.png, id=73, 635.37375pt x 721.19438pt>
File: Screenshot_20190226_185740.png Graphic file (type png)
<use Screenshot_20190226_185740.png>
Package pdftex.def Info: Screenshot_20190226_185740.png  used on input line 62.

(pdftex.def)             Requested size: 345.0pt x 391.60706pt.
[2]
<Screenshot_20190226_190022.png, id=80, 657.2053pt x 314.67563pt>
File: Screenshot_20190226_190022.png Graphic file (type png)
<use Screenshot_20190226_190022.png>
Package pdftex.def Info: Screenshot_20190226_190022.png  used on input line 74.

(pdftex.def)             Requested size: 345.0pt x 165.19276pt.
 [3 <./Screenshot_20190226_185740.png (PNG copy)>]
<Screenshot_20190226_190629.png, id=85, 664.73344pt x 680.5425pt>
File: Screenshot_20190226_190629.png Graphic file (type png)
<use Screenshot_20190226_190629.png>
Package pdftex.def Info: Screenshot_20190226_190629.png  used on input line 89.

(pdftex.def)             Requested size: 345.0pt x 353.20915pt.
 [4 <./Screenshot_20190226_190022.png (PNG copy)>]
<Screenshot_20190226_191007.png, id=90, 421.575pt x 544.28343pt>
File: Screenshot_20190226_191007.png Graphic file (type png)
<use Screenshot_20190226_191007.png>
Package pdftex.def Info: Screenshot_20190226_191007.png  used on input line 98.

(pdftex.def)             Requested size: 345.0pt x 445.42667pt.
 [5 <./Screenshot_20190226_190629.png (PNG copy)>]
Overfull \hbox (20.36171pt too wide) in paragraph at lines 106--107
[]\OT1/cmss/bx/n/10 createLight() \OT1/cmss/m/n/10 add lights to the scene one 
HemispereLight and one DirectionalLight 
 []


Overfull \hbox (29.47577pt too wide) in paragraph at lines 108--109
[]\OT1/cmss/bx/n/10 createFishbasic() \OT1/cmss/m/n/10 create a cube for the bo
dy of the fish then a MeshLambertMaterial
 []

[6 <./Screenshot_20190226_191007.png (PNG copy)>]
Overfull \hbox (48.66719pt too wide) in paragraph at lines 115--116
[]\OT1/cmss/m/n/10 The Bubble particles are a Sphere geomety with a transparent
 MeshLambertMaterial. 
 []

<Screenshot_20190226_192414.png, id=99, 319.1925pt x 424.58624pt>
File: Screenshot_20190226_192414.png Graphic file (type png)
<use Screenshot_20190226_192414.png>
Package pdftex.def Info: Screenshot_20190226_192414.png  used on input line 127
.
(pdftex.def)             Requested size: 345.0pt x 458.9156pt.
[7]
Overfull \hbox (4.34792pt too wide) in paragraph at lines 139--140
[]\OT1/cmss/bx/n/10 handleTouchMove(event) \OT1/cmss/m/n/10 handle the event fo
r touch moving so is compatible
 []

[8 <./Screenshot_20190226_192414.png (PNG copy)>]
<Screenshot_20190226_195128.png, id=109, 1237.62375pt x 481.8pt>
File: Screenshot_20190226_195128.png Graphic file (type png)
<use Screenshot_20190226_195128.png>
Package pdftex.def Info: Screenshot_20190226_195128.png  used on input line 164
.
(pdftex.def)             Requested size: 345.0pt x 134.30759pt.

Overfull \hbox (5.52817pt too wide) in paragraph at lines 166--167
\OT1/cmss/m/n/10 The scene is nothing more than a background with two lights ad
ded, a HemispereLight
 []

<Screenshot_20190226_200209.png, id=110, 514.17094pt x 312.41719pt>
File: Screenshot_20190226_200209.png Graphic file (type png)
<use Screenshot_20190226_200209.png>
Package pdftex.def Info: Screenshot_20190226_200209.png  used on input line 174
.
(pdftex.def)             Requested size: 155.24895pt x 94.33128pt.
LaTeX Font Info:    External font `cmex10' loaded for size
(Font)              <7> on input line 176.
LaTeX Font Info:    External font `cmex10' loaded for size
(Font)              <5> on input line 176.
<Screenshot_20190226_200304.png, id=111, 571.38469pt x 398.23781pt>
File: Screenshot_20190226_200304.png Graphic file (type png)
<use Screenshot_20190226_200304.png>
Package pdftex.def Info: Screenshot_20190226_200304.png  used on input line 179
.
(pdftex.def)             Requested size: 155.24895pt x 108.20015pt.
[9 <./Screenshot_20190226_195128.png (PNG copy)>]
<Screenshot_20190226_200345.png, id=116, 476.53032pt x 294.34969pt>
File: Screenshot_20190226_200345.png Graphic file (type png)
<use Screenshot_20190226_200345.png>
Package pdftex.def Info: Screenshot_20190226_200345.png  used on input line 189
.
(pdftex.def)             Requested size: 155.24895pt x 95.89606pt.
<Screenshot_20190226_200422.png, id=117, 456.20438pt x 274.02374pt>
File: Screenshot_20190226_200422.png Graphic file (type png)
<use Screenshot_20190226_200422.png>
Package pdftex.def Info: Screenshot_20190226_200422.png  used on input line 194
.
(pdftex.def)             Requested size: 155.24895pt x 93.25046pt.
<Screenshot_20190226_200844.png, id=118, 304.88907pt x 267.24844pt>
File: Screenshot_20190226_200844.png Graphic file (type png)
<use Screenshot_20190226_200844.png>
Package pdftex.def Info: Screenshot_20190226_200844.png  used on input line 212
.
(pdftex.def)             Requested size: 155.24895pt x 136.08693pt.
<Screenshot_20190226_200918.png, id=119, 232.61906pt x 207.02344pt>
File: Screenshot_20190226_200918.png Graphic file (type png)
<use Screenshot_20190226_200918.png>
Package pdftex.def Info: Screenshot_20190226_200918.png  used on input line 217
.
(pdftex.def)             Requested size: 155.24895pt x 138.17111pt.
<Screenshot_20190226_201004.png, id=120, 197.98969pt x 159.59625pt>
File: Screenshot_20190226_201004.png Graphic file (type png)
<use Screenshot_20190226_201004.png>
Package pdftex.def Info: Screenshot_20190226_201004.png  used on input line 227
.
(pdftex.def)             Requested size: 155.24895pt x 125.1445pt.
<Screenshot_20190226_201047.png, id=121, 339.51843pt x 256.70906pt>
File: Screenshot_20190226_201047.png Graphic file (type png)
<use Screenshot_20190226_201047.png>
Package pdftex.def Info: Screenshot_20190226_201047.png  used on input line 232
.
(pdftex.def)             Requested size: 155.24895pt x 117.38252pt.
 [10 <./Screenshot_20190226_200209.png (PNG copy)> <./Screenshot_20190226_20030
4.png (PNG copy)> <./Screenshot_20190226_200345.png (PNG copy)> <./Screenshot_2
0190226_200422.png (PNG copy)> <./Screenshot_20190226_200844.png (PNG copy)> <.
/Screenshot_20190226_200918.png (PNG copy)>]
<Screenshot_20190226_203131.png, id=132, 904.1278pt x 518.6878pt>
File: Screenshot_20190226_203131.png Graphic file (type png)
<use Screenshot_20190226_203131.png>
Package pdftex.def Info: Screenshot_20190226_203131.png  used on input line 253
.
(pdftex.def)             Requested size: 345.0pt x 197.91861pt.
 [11 <./Screenshot_20190226_201004.png (PNG copy)> <./Screenshot_20190226_20104
7.png (PNG copy)> <./Screenshot_20190226_203131.png (PNG copy)>]
<Screenshot_20190226_202521.png, id=139, 521.69907pt x 314.67563pt>
File: Screenshot_20190226_202521.png Graphic file (type png)
<use Screenshot_20190226_202521.png>
Package pdftex.def Info: Screenshot_20190226_202521.png  used on input line 268
.
(pdftex.def)             Requested size: 155.24895pt x 93.63995pt.
<Screenshot_20190226_202616.png, id=140, 398.23781pt x 245.41687pt>
File: Screenshot_20190226_202616.png Graphic file (type png)
<use Screenshot_20190226_202616.png>
Package pdftex.def Info: Screenshot_20190226_202616.png  used on input line 273
.
(pdftex.def)             Requested size: 155.24895pt x 95.67099pt.
<Screenshot_20190226_202824.png, id=141, 458.46281pt x 351.56343pt>
File: Screenshot_20190226_202824.png Graphic file (type png)
<use Screenshot_20190226_202824.png>
Package pdftex.def Info: Screenshot_20190226_202824.png  used on input line 285
.
(pdftex.def)             Requested size: 155.24895pt x 119.04718pt.
<Screenshot_20190226_202756.png, id=142, 594.72188pt x 445.665pt>
File: Screenshot_20190226_202756.png Graphic file (type png)
<use Screenshot_20190226_202756.png>
Package pdftex.def Info: Screenshot_20190226_202756.png  used on input line 290
.
(pdftex.def)             Requested size: 155.24895pt x 116.33258pt.

Underfull \hbox (badness 10000) in paragraph at lines 301--310

 []


Underfull \hbox (badness 10000) in paragraph at lines 301--310

 []


Underfull \hbox (badness 10000) in paragraph at lines 301--310

 []


Underfull \hbox (badness 10000) in paragraph at lines 301--310

 []


Underfull \hbox (badness 10000) in paragraph at lines 301--310

 []


Underfull \hbox (badness 10000) in paragraph at lines 301--310

 []

[12 <./Screenshot_20190226_202521.png (PNG copy)> <./Screenshot_20190226_202616
.png (PNG copy)> <./Screenshot_20190226_202824.png (PNG copy)> <./Screenshot_20
190226_202756.png (PNG copy)>]
Package atveryend Info: Empty hook `BeforeClearDocument' on input line 312.
 [13]
Package atveryend Info: Empty hook `AfterLastShipout' on input line 312.
 (./Report.aux)
Package atveryend Info: Executing hook `AtVeryEndDocument' on input line 312.
Package atveryend Info: Executing hook `AtEndAfterFileList' on input line 312.
Package rerunfilecheck Info: File `Report.out' has not changed.
(rerunfilecheck)             Checksum: 68E065622B739C8DAA5D434DB92B4F05;888.


LaTeX Font Warning: Some font shapes were not available, defaults substituted.

Package atveryend Info: Empty hook `AtVeryVeryEnd' on input line 312.
 ) 
Here is how much of TeX's memory you used:
 6143 strings out of 492616
 91110 string characters out of 6135177
 189240 words of memory out of 5000000
 9944 multiletter control sequences out of 15000+600000
 9095 words of font info for 32 fonts, out of 8000000 for 9000
 1141 hyphenation exceptions out of 8191
 28i,7n,28p,333b,411s stack positions out of 5000i,500n,10000p,200000b,80000s
</usr/share/texmf-dist/fonts/type1/public/amsfonts/cm/cmss10.pfb></usr/share/
texmf-dist/fonts/type1/public/amsfonts/cm/cmss12.pfb></usr/share/texmf-dist/fon
ts/type1/public/amsfonts/cm/cmss17.pfb></usr/share/texmf-dist/fonts/type1/publi
c/amsfonts/cm/cmssbx10.pfb></usr/share/texmf-dist/fonts/type1/public/amsfonts/c
m/cmsy10.pfb>
Output written on Report.pdf (13 pages, 651297 bytes).
PDF statistics:
 188 PDF objects out of 1000 (max. 8388607)
 146 compressed objects within 2 object streams
 41 named destinations out of 1000 (max. 500000)
 221 words of extra memory for PDF output out of 10000 (max. 10000000)

